<?xml version="1.0" encoding="UTF-8" ?>
<testsuite tests="4" failures="0" name="com.space.controller.GetShipTest" time="0.028" errors="0" skipped="0">
  <properties>
[...]
</properties>
  <testcase classname="com.space.controller.GetShipTest" name="getShipByIdTest" time="0.019"/>
  <testcase classname="com.space.controller.GetShipTest" name="getShipByIdNotExistTest" time="0"/>
  <testcase classname="com.space.controller.GetShipTest" name="getShipByIdNotNumberTest" time="0.003"/>
  <testcase classname="com.space.controller.GetShipTest" name="getShipByIdEqualZeroTest" time="0.006"/>
</testsuite>